{
"contracts\\KnockKnockFCCVerifier.sol":{"l":{"51":9,"55":8,"59":7,"60":7,"68":4,"69":4,"89":4,"90":3,"91":2,"93":1,"94":1,"96":1,"102":1,"111":1,"121":1,"123":1},"path":"C:\\Users\\Varun\\Desktop\\__\\contracts\\KnockKnockFCCVerifier.sol","s":{"1":9,"2":8,"3":4,"4":4,"5":3,"6":2,"7":1,"8":1,"9":1,"10":1,"11":1,"12":1,"13":1},"b":{"1":[8,1],"2":[7,1],"3":[4,0],"4":[3,1],"5":[2,1],"6":[1,1],"7":[1,0]},"f":{"1":9,"2":4,"3":4},"fnMap":{"1":{"name":"constructor","line":50,"loc":{"start":{"line":47,"column":4},"end":{"line":61,"column":4}}},"2":{"name":"setExtensionId","line":67,"loc":{"start":{"line":67,"column":4},"end":{"line":70,"column":4}}},"3":{"name":"requestVerification","line":83,"loc":{"start":{"line":83,"column":4},"end":{"line":124,"column":4}}}},"statementMap":{"1":{"start":{"line":51,"column":8},"end":{"line":51,"column":2203}},"2":{"start":{"line":55,"column":8},"end":{"line":55,"column":2332}},"3":{"start":{"line":69,"column":8},"end":{"line":69,"column":45}},"4":{"start":{"line":89,"column":8},"end":{"line":89,"column":56}},"5":{"start":{"line":90,"column":8},"end":{"line":90,"column":77}},"6":{"start":{"line":91,"column":8},"end":{"line":91,"column":76}},"7":{"start":{"line":93,"column":8},"end":{"line":93,"column":84}},"8":{"start":{"line":94,"column":8},"end":{"line":94,"column":63}},"9":{"start":{"line":96,"column":8},"end":{"line":96,"column":4266}},"10":{"start":{"line":102,"column":8},"end":{"line":102,"column":4564}},"11":{"start":{"line":111,"column":8},"end":{"line":111,"column":4780}},"12":{"start":{"line":121,"column":8},"end":{"line":121,"column":78}},"13":{"start":{"line":123,"column":8},"end":{"line":123,"column":87}}},"branchMap":{"1":{"line":51,"type":"if","locations":[{"start":{"line":51,"column":8},"end":{"line":51,"column":8}},{"start":{"line":51,"column":8},"end":{"line":51,"column":8}}]},"2":{"line":55,"type":"if","locations":[{"start":{"line":55,"column":8},"end":{"line":55,"column":8}},{"start":{"line":55,"column":8},"end":{"line":55,"column":8}}]},"3":{"line":67,"type":"if","locations":[{"start":{"line":67,"column":59},"end":{"line":67,"column":59}},{"start":{"line":67,"column":59},"end":{"line":67,"column":59}}]},"4":{"line":89,"type":"if","locations":[{"start":{"line":89,"column":8},"end":{"line":89,"column":8}},{"start":{"line":89,"column":8},"end":{"line":89,"column":8}}]},"5":{"line":90,"type":"if","locations":[{"start":{"line":90,"column":8},"end":{"line":90,"column":8}},{"start":{"line":90,"column":8},"end":{"line":90,"column":8}}]},"6":{"line":91,"type":"if","locations":[{"start":{"line":91,"column":8},"end":{"line":91,"column":8}},{"start":{"line":91,"column":8},"end":{"line":91,"column":8}}]},"7":{"line":94,"type":"if","locations":[{"start":{"line":94,"column":8},"end":{"line":94,"column":8}},{"start":{"line":94,"column":8},"end":{"line":94,"column":8}}]}}},
"contracts\\KnockKnockMailbox.sol":{"l":{"126":16,"127":16,"131":14,"161":135,"194":9,"195":8,"196":7,"201":6,"204":6,"206":5,"216":5,"217":5,"219":4,"220":4,"235":9,"236":9,"237":9,"254":139,"255":138,"256":137,"260":136,"266":135,"267":135,"268":1,"269":1,"271":0,"273":1,"277":134,"282":133,"283":133,"285":133,"296":133,"297":133,"298":133,"300":133,"316":8,"317":8,"318":7,"323":6,"324":6,"327":6,"329":6,"330":6,"332":6,"348":6,"349":6,"354":5,"356":5,"373":7,"378":6,"381":6,"382":0,"385":6,"386":6,"387":6,"388":6,"389":5,"390":5,"391":2,"394":3,"395":0,"396":0,"399":3,"400":3,"401":3,"402":0,"406":6,"407":6,"408":2,"422":4,"426":2,"427":2,"435":0,"444":134,"445":134,"446":5056,"447":5056,"458":5061,"459":0,"461":5061,"462":5061,"474":133,"475":133,"486":11,"487":11,"489":11,"490":11,"491":11,"493":11,"494":11,"495":11,"496":11,"506":5,"507":5,"508":5,"510":5,"511":5,"513":5,"514":5,"516":5},"path":"C:\\Users\\Varun\\Desktop\\__\\contracts\\KnockKnockMailbox.sol","s":{"1":16,"2":16,"3":9,"4":8,"5":7,"6":6,"7":6,"8":5,"9":5,"10":5,"11":9,"12":9,"13":139,"14":138,"15":137,"16":136,"17":135,"18":135,"19":1,"20":1,"21":0,"22":1,"23":134,"24":133,"25":133,"26":8,"27":8,"28":7,"29":6,"30":6,"31":6,"32":6,"33":5,"34":5,"35":7,"36":6,"37":6,"38":6,"39":6,"40":6,"41":6,"42":5,"43":5,"44":3,"45":3,"46":6,"47":4,"48":2,"49":0,"50":134,"51":134,"52":5056,"53":5061,"54":0,"55":5061,"56":5061,"57":133,"58":11,"59":11,"60":11,"61":11,"62":11,"63":11,"64":5,"65":5,"66":5,"67":5,"68":5},"b":{"1":[16,0],"2":[14,2],"3":[135,0],"4":[9,0],"5":[8,1],"6":[7,1],"7":[6,1],"8":[5,1],"9":[4,1],"10":[9,1],"11":[9,0],"12":[138,1],"13":[137,1],"14":[136,1],"15":[135,1],"16":[1,134],"17":[0,1],"18":[0,0],"19":[133,1],"20":[8,1],"21":[8,0],"22":[7,1],"23":[6,1],"24":[6,1],"25":[6,0],"26":[5,1],"27":[6,1],"28":[0,6],"29":[2,3],"30":[0,3],"31":[0,3],"32":[4,1],"33":[2,2],"34":[5056,0],"35":[0,5061],"36":[11,0]},"f":{"1":16,"2":41,"3":135,"4":9,"5":9,"6":139,"7":8,"8":6,"9":7,"10":4,"11":0,"12":134,"13":5061,"14":133,"15":11,"16":5},"fnMap":{"1":{"name":"onlyReceiver","line":125,"loc":{"start":{"line":125,"column":4},"end":{"line":132,"column":4}}},"2":{"name":"constructor","line":137,"loc":{"start":{"line":137,"column":4},"end":{"line":137,"column":39}}},"3":{"name":"sendRequest","line":160,"loc":{"start":{"line":155,"column":4},"end":{"line":167,"column":4}}},"4":{"name":"sendRequestWithProof","line":193,"loc":{"start":{"line":185,"column":4},"end":{"line":226,"column":4}}},"5":{"name":"setTEESigner","line":234,"loc":{"start":{"line":234,"column":4},"end":{"line":238,"column":4}}},"6":{"name":"_createRequest","line":248,"loc":{"start":{"line":248,"column":4},"end":{"line":301,"column":4}}},"7":{"name":"acceptRequest","line":314,"loc":{"start":{"line":311,"column":4},"end":{"line":333,"column":4}}},"8":{"name":"rejectRequest","line":346,"loc":{"start":{"line":343,"column":4},"end":{"line":357,"column":4}}},"9":{"name":"getPendingRequests","line":368,"loc":{"start":{"line":368,"column":4},"end":{"line":410,"column":4}}},"10":{"name":"setRequestExpirationDuration","line":420,"loc":{"start":{"line":418,"column":4},"end":{"line":428,"column":4}}},"11":{"name":"getTotalRequestCount","line":434,"loc":{"start":{"line":434,"column":4},"end":{"line":436,"column":4}}},"12":{"name":"_pendingCount","line":443,"loc":{"start":{"line":443,"column":4},"end":{"line":450,"column":4}}},"13":{"name":"_isPending","line":457,"loc":{"start":{"line":457,"column":4},"end":{"line":465,"column":4}}},"14":{"name":"_addReceiverRequestId","line":473,"loc":{"start":{"line":473,"column":4},"end":{"line":477,"column":4}}},"15":{"name":"_removeReceiverRequestId","line":485,"loc":{"start":{"line":485,"column":4},"end":{"line":497,"column":4}}},"16":{"name":"_cleanupRequest","line":505,"loc":{"start":{"line":505,"column":4},"end":{"line":517,"column":4}}}},"statementMap":{"1":{"start":{"line":126,"column":8},"end":{"line":126,"column":67}},"2":{"start":{"line":127,"column":8},"end":{"line":127,"column":6085}},"3":{"start":{"line":194,"column":8},"end":{"line":194,"column":68}},"4":{"start":{"line":195,"column":8},"end":{"line":195,"column":68}},"5":{"start":{"line":196,"column":8},"end":{"line":196,"column":9467}},"6":{"start":{"line":201,"column":8},"end":{"line":201,"column":9576}},"7":{"start":{"line":204,"column":8},"end":{"line":204,"column":69}},"8":{"start":{"line":206,"column":8},"end":{"line":206,"column":9779}},"9":{"start":{"line":216,"column":8},"end":{"line":216,"column":58}},"10":{"start":{"line":217,"column":8},"end":{"line":217,"column":60}},"11":{"start":{"line":235,"column":8},"end":{"line":235,"column":77}},"12":{"start":{"line":237,"column":8},"end":{"line":237,"column":41}},"13":{"start":{"line":254,"column":8},"end":{"line":254,"column":78}},"14":{"start":{"line":255,"column":8},"end":{"line":255,"column":76}},"15":{"start":{"line":256,"column":8},"end":{"line":256,"column":11798}},"16":{"start":{"line":260,"column":8},"end":{"line":260,"column":11928}},"17":{"start":{"line":266,"column":8},"end":{"line":266,"column":75}},"18":{"start":{"line":267,"column":8},"end":{"line":267,"column":12212}},"19":{"start":{"line":268,"column":12},"end":{"line":268,"column":63}},"20":{"start":{"line":269,"column":12},"end":{"line":269,"column":12344}},"21":{"start":{"line":271,"column":16},"end":{"line":271,"column":42}},"22":{"start":{"line":273,"column":16},"end":{"line":273,"column":84}},"23":{"start":{"line":277,"column":8},"end":{"line":277,"column":12682}},"24":{"start":{"line":298,"column":8},"end":{"line":298,"column":50}},"25":{"start":{"line":300,"column":8},"end":{"line":300,"column":58}},"26":{"start":{"line":316,"column":8},"end":{"line":316,"column":58}},"27":{"start":{"line":317,"column":8},"end":{"line":317,"column":70}},"28":{"start":{"line":318,"column":8},"end":{"line":318,"column":14224}},"29":{"start":{"line":330,"column":8},"end":{"line":330,"column":61}},"30":{"start":{"line":332,"column":8},"end":{"line":332,"column":52}},"31":{"start":{"line":348,"column":8},"end":{"line":348,"column":58}},"32":{"start":{"line":349,"column":8},"end":{"line":349,"column":15374}},"33":{"start":{"line":354,"column":8},"end":{"line":354,"column":34}},"34":{"start":{"line":356,"column":8},"end":{"line":356,"column":52}},"35":{"start":{"line":373,"column":8},"end":{"line":373,"column":16368}},"36":{"start":{"line":378,"column":8},"end":{"line":378,"column":78}},"37":{"start":{"line":381,"column":8},"end":{"line":381,"column":16641}},"38":{"start":{"line":385,"column":8},"end":{"line":385,"column":59}},"39":{"start":{"line":386,"column":8},"end":{"line":386,"column":32}},"40":{"start":{"line":387,"column":8},"end":{"line":387,"column":27}},"41":{"start":{"line":388,"column":8},"end":{"line":388,"column":16850}},"42":{"start":{"line":389,"column":12},"end":{"line":389,"column":53}},"43":{"start":{"line":390,"column":12},"end":{"line":390,"column":16979}},"44":{"start":{"line":394,"column":12},"end":{"line":394,"column":17062}},"45":{"start":{"line":401,"column":12},"end":{"line":401,"column":17245}},"46":{"start":{"line":407,"column":8},"end":{"line":407,"column":17386}},"47":{"start":{"line":422,"column":8},"end":{"line":422,"column":17918}},"48":{"start":{"line":427,"column":8},"end":{"line":427,"column":52}},"49":{"start":{"line":435,"column":8},"end":{"line":435,"column":28}},"50":{"start":{"line":444,"column":8},"end":{"line":444,"column":78}},"51":{"start":{"line":445,"column":8},"end":{"line":445,"column":18856}},"52":{"start":{"line":446,"column":12},"end":{"line":446,"column":18930}},"53":{"start":{"line":458,"column":8},"end":{"line":458,"column":19338}},"54":{"start":{"line":459,"column":12},"end":{"line":459,"column":24}},"55":{"start":{"line":461,"column":8},"end":{"line":461,"column":58}},"56":{"start":{"line":462,"column":8},"end":{"line":462,"column":19521}},"57":{"start":{"line":474,"column":8},"end":{"line":474,"column":55}},"58":{"start":{"line":486,"column":8},"end":{"line":486,"column":74}},"59":{"start":{"line":487,"column":8},"end":{"line":487,"column":64}},"60":{"start":{"line":489,"column":8},"end":{"line":489,"column":40}},"61":{"start":{"line":490,"column":8},"end":{"line":490,"column":70}},"62":{"start":{"line":491,"column":8},"end":{"line":491,"column":74}},"63":{"start":{"line":495,"column":8},"end":{"line":495,"column":44}},"64":{"start":{"line":506,"column":8},"end":{"line":506,"column":58}},"65":{"start":{"line":507,"column":8},"end":{"line":507,"column":39}},"66":{"start":{"line":508,"column":8},"end":{"line":508,"column":43}},"67":{"start":{"line":511,"column":8},"end":{"line":511,"column":53}},"68":{"start":{"line":516,"column":8},"end":{"line":516,"column":64}}},"branchMap":{"1":{"line":126,"type":"if","locations":[{"start":{"line":126,"column":8},"end":{"line":126,"column":8}},{"start":{"line":126,"column":8},"end":{"line":126,"column":8}}]},"2":{"line":127,"type":"if","locations":[{"start":{"line":127,"column":8},"end":{"line":127,"column":8}},{"start":{"line":127,"column":8},"end":{"line":127,"column":8}}]},"3":{"line":160,"type":"if","locations":[{"start":{"line":160,"column":15},"end":{"line":160,"column":15}},{"start":{"line":160,"column":15},"end":{"line":160,"column":15}}]},"4":{"line":193,"type":"if","locations":[{"start":{"line":193,"column":15},"end":{"line":193,"column":15}},{"start":{"line":193,"column":15},"end":{"line":193,"column":15}}]},"5":{"line":194,"type":"if","locations":[{"start":{"line":194,"column":8},"end":{"line":194,"column":8}},{"start":{"line":194,"column":8},"end":{"line":194,"column":8}}]},"6":{"line":195,"type":"if","locations":[{"start":{"line":195,"column":8},"end":{"line":195,"column":8}},{"start":{"line":195,"column":8},"end":{"line":195,"column":8}}]},"7":{"line":196,"type":"if","locations":[{"start":{"line":196,"column":8},"end":{"line":196,"column":8}},{"start":{"line":196,"column":8},"end":{"line":196,"column":8}}]},"8":{"line":204,"type":"if","locations":[{"start":{"line":204,"column":8},"end":{"line":204,"column":8}},{"start":{"line":204,"column":8},"end":{"line":204,"column":8}}]},"9":{"line":217,"type":"if","locations":[{"start":{"line":217,"column":8},"end":{"line":217,"column":8}},{"start":{"line":217,"column":8},"end":{"line":217,"column":8}}]},"10":{"line":234,"type":"if","locations":[{"start":{"line":234,"column":55},"end":{"line":234,"column":55}},{"start":{"line":234,"column":55},"end":{"line":234,"column":55}}]},"11":{"line":235,"type":"if","locations":[{"start":{"line":235,"column":8},"end":{"line":235,"column":8}},{"start":{"line":235,"column":8},"end":{"line":235,"column":8}}]},"12":{"line":254,"type":"if","locations":[{"start":{"line":254,"column":8},"end":{"line":254,"column":8}},{"start":{"line":254,"column":8},"end":{"line":254,"column":8}}]},"13":{"line":255,"type":"if","locations":[{"start":{"line":255,"column":8},"end":{"line":255,"column":8}},{"start":{"line":255,"column":8},"end":{"line":255,"column":8}}]},"14":{"line":256,"type":"if","locations":[{"start":{"line":256,"column":8},"end":{"line":256,"column":8}},{"start":{"line":256,"column":8},"end":{"line":256,"column":8}}]},"15":{"line":260,"type":"if","locations":[{"start":{"line":260,"column":8},"end":{"line":260,"column":8}},{"start":{"line":260,"column":8},"end":{"line":260,"column":8}}]},"16":{"line":267,"type":"if","locations":[{"start":{"line":267,"column":8},"end":{"line":267,"column":8}},{"start":{"line":267,"column":8},"end":{"line":267,"column":8}}]},"17":{"line":269,"type":"if","locations":[{"start":{"line":269,"column":12},"end":{"line":269,"column":12}},{"start":{"line":269,"column":12},"end":{"line":269,"column":12}}]},"18":{"line":269,"type":"cond-expr","locations":[{"start":{"line":269,"column":16},"end":{"line":269,"column":56}},{"start":{"line":269,"column":61},"end":{"line":269,"column":77}}]},"19":{"line":277,"type":"if","locations":[{"start":{"line":277,"column":8},"end":{"line":277,"column":8}},{"start":{"line":277,"column":8},"end":{"line":277,"column":8}}]},"20":{"line":313,"type":"if","locations":[{"start":{"line":313,"column":8},"end":{"line":313,"column":8}},{"start":{"line":313,"column":8},"end":{"line":313,"column":8}}]},"21":{"line":314,"type":"if","locations":[{"start":{"line":314,"column":8},"end":{"line":314,"column":8}},{"start":{"line":314,"column":8},"end":{"line":314,"column":8}}]},"22":{"line":317,"type":"if","locations":[{"start":{"line":317,"column":8},"end":{"line":317,"column":8}},{"start":{"line":317,"column":8},"end":{"line":317,"column":8}}]},"23":{"line":318,"type":"if","locations":[{"start":{"line":318,"column":8},"end":{"line":318,"column":8}},{"start":{"line":318,"column":8},"end":{"line":318,"column":8}}]},"24":{"line":345,"type":"if","locations":[{"start":{"line":345,"column":8},"end":{"line":345,"column":8}},{"start":{"line":345,"column":8},"end":{"line":345,"column":8}}]},"25":{"line":346,"type":"if","locations":[{"start":{"line":346,"column":8},"end":{"line":346,"column":8}},{"start":{"line":346,"column":8},"end":{"line":346,"column":8}}]},"26":{"line":349,"type":"if","locations":[{"start":{"line":349,"column":8},"end":{"line":349,"column":8}},{"start":{"line":349,"column":8},"end":{"line":349,"column":8}}]},"27":{"line":373,"type":"if","locations":[{"start":{"line":373,"column":8},"end":{"line":373,"column":8}},{"start":{"line":373,"column":8},"end":{"line":373,"column":8}}]},"28":{"line":381,"type":"if","locations":[{"start":{"line":381,"column":8},"end":{"line":381,"column":8}},{"start":{"line":381,"column":8},"end":{"line":381,"column":8}}]},"29":{"line":390,"type":"if","locations":[{"start":{"line":390,"column":12},"end":{"line":390,"column":12}},{"start":{"line":390,"column":12},"end":{"line":390,"column":12}}]},"30":{"line":394,"type":"if","locations":[{"start":{"line":394,"column":12},"end":{"line":394,"column":12}},{"start":{"line":394,"column":12},"end":{"line":394,"column":12}}]},"31":{"line":401,"type":"if","locations":[{"start":{"line":401,"column":12},"end":{"line":401,"column":12}},{"start":{"line":401,"column":12},"end":{"line":401,"column":12}}]},"32":{"line":420,"type":"if","locations":[{"start":{"line":420,"column":8},"end":{"line":420,"column":8}},{"start":{"line":420,"column":8},"end":{"line":420,"column":8}}]},"33":{"line":422,"type":"if","locations":[{"start":{"line":422,"column":8},"end":{"line":422,"column":8}},{"start":{"line":422,"column":8},"end":{"line":422,"column":8}}]},"34":{"line":446,"type":"if","locations":[{"start":{"line":446,"column":12},"end":{"line":446,"column":12}},{"start":{"line":446,"column":12},"end":{"line":446,"column":12}}]},"35":{"line":458,"type":"if","locations":[{"start":{"line":458,"column":8},"end":{"line":458,"column":8}},{"start":{"line":458,"column":8},"end":{"line":458,"column":8}}]},"36":{"line":487,"type":"if","locations":[{"start":{"line":487,"column":8},"end":{"line":487,"column":8}},{"start":{"line":487,"column":8},"end":{"line":487,"column":8}}]}}},
"contracts\\mocks\\MockTeeRegistries.sol":{"l":{"27":1,"28":1,"29":1,"30":1,"31":1,"32":1,"33":1,"37":1,"41":0,"51":1,"52":1,"53":1,"55":1},"path":"C:\\Users\\Varun\\Desktop\\__\\contracts\\mocks\\MockTeeRegistries.sol","s":{"1":1,"2":0,"3":1,"4":1,"5":1},"b":{},"f":{"1":1,"2":1,"3":0,"4":1},"fnMap":{"1":{"name":"sendInstructions","line":26,"loc":{"start":{"line":26,"column":4},"end":{"line":34,"column":4}}},"2":{"name":"getLastTeeIds","line":36,"loc":{"start":{"line":36,"column":4},"end":{"line":38,"column":4}}},"3":{"name":"getLastCosigners","line":40,"loc":{"start":{"line":40,"column":4},"end":{"line":42,"column":4}}},"4":{"name":"getRandomTeeIds","line":50,"loc":{"start":{"line":50,"column":4},"end":{"line":56,"column":4}}}},"statementMap":{"1":{"start":{"line":37,"column":8},"end":{"line":37,"column":25}},"2":{"start":{"line":41,"column":8},"end":{"line":41,"column":28}},"3":{"start":{"line":51,"column":8},"end":{"line":51,"column":51}},"4":{"start":{"line":52,"column":8},"end":{"line":52,"column":1649}},"5":{"start":{"line":55,"column":8},"end":{"line":55,"column":18}}},"branchMap":{}}}
