TN:
SF:C:\Users\Varun\Desktop\__\contracts\KnockKnockFCCVerifier.sol
FN:50,constructor
FN:67,setExtensionId
FN:83,requestVerification
FNF:3
FNH:3
FNDA:9,constructor
FNDA:4,setExtensionId
FNDA:4,requestVerification
DA:51,9
DA:55,8
DA:59,7
DA:60,7
DA:68,4
DA:69,4
DA:89,4
DA:90,3
DA:91,2
DA:93,1
DA:94,1
DA:96,1
DA:102,1
DA:111,1
DA:121,1
DA:123,1
LF:16
LH:16
BRDA:51,1,0,8
BRDA:51,1,1,1
BRDA:55,2,0,7
BRDA:55,2,1,1
BRDA:67,3,0,4
BRDA:67,3,1,0
BRDA:89,4,0,3
BRDA:89,4,1,1
BRDA:90,5,0,2
BRDA:90,5,1,1
BRDA:91,6,0,1
BRDA:91,6,1,1
BRDA:94,7,0,1
BRDA:94,7,1,0
BRF:14
BRH:12
end_of_record
TN:
SF:C:\Users\Varun\Desktop\__\contracts\KnockKnockMailbox.sol
FN:125,onlyReceiver
FN:137,constructor
FN:160,sendRequest
FN:193,sendRequestWithProof
FN:234,setTEESigner
FN:248,_createRequest
FN:314,acceptRequest
FN:346,rejectRequest
FN:368,getPendingRequests
FN:420,setRequestExpirationDuration
FN:434,getTotalRequestCount
FN:443,_pendingCount
FN:457,_isPending
FN:473,_addReceiverRequestId
FN:485,_removeReceiverRequestId
FN:505,_cleanupRequest
FNF:16
FNH:15
FNDA:16,onlyReceiver
FNDA:41,constructor
FNDA:135,sendRequest
FNDA:9,sendRequestWithProof
FNDA:9,setTEESigner
FNDA:139,_createRequest
FNDA:8,acceptRequest
FNDA:6,rejectRequest
FNDA:7,getPendingRequests
FNDA:4,setRequestExpirationDuration
FNDA:0,getTotalRequestCount
FNDA:134,_pendingCount
FNDA:5061,_isPending
FNDA:133,_addReceiverRequestId
FNDA:11,_removeReceiverRequestId
FNDA:5,_cleanupRequest
DA:126,16
DA:127,16
DA:131,14
DA:161,135
DA:194,9
DA:195,8
DA:196,7
DA:201,6
DA:204,6
DA:206,5
DA:216,5
DA:217,5
DA:219,4
DA:220,4
DA:235,9
DA:236,9
DA:237,9
DA:254,139
DA:255,138
DA:256,137
DA:260,136
DA:266,135
DA:267,135
DA:268,1
DA:269,1
DA:271,0
DA:273,1
DA:277,134
DA:282,133
DA:283,133
DA:285,133
DA:296,133
DA:297,133
DA:298,133
DA:300,133
DA:316,8
DA:317,8
DA:318,7
DA:323,6
DA:324,6
DA:327,6
DA:329,6
DA:330,6
DA:332,6
DA:348,6
DA:349,6
DA:354,5
DA:356,5
DA:373,7
DA:378,6
DA:381,6
DA:382,0
DA:385,6
DA:386,6
DA:387,6
DA:388,6
DA:389,5
DA:390,5
DA:391,2
DA:394,3
DA:395,0
DA:396,0
DA:399,3
DA:400,3
DA:401,3
DA:402,0
DA:406,6
DA:407,6
DA:408,2
DA:422,4
DA:426,2
DA:427,2
DA:435,0
DA:444,134
DA:445,134
DA:446,5056
DA:447,5056
DA:458,5061
DA:459,0
DA:461,5061
DA:462,5061
DA:474,133
DA:475,133
DA:486,11
DA:487,11
DA:489,11
DA:490,11
DA:491,11
DA:493,11
DA:494,11
DA:495,11
DA:496,11
DA:506,5
DA:507,5
DA:508,5
DA:510,5
DA:511,5
DA:513,5
DA:514,5
DA:516,5
LF:100
LH:93
BRDA:126,1,0,16
BRDA:126,1,1,0
BRDA:127,2,0,14
BRDA:127,2,1,2
BRDA:160,3,0,135
BRDA:160,3,1,0
BRDA:193,4,0,9
BRDA:193,4,1,0
BRDA:194,5,0,8
BRDA:194,5,1,1
BRDA:195,6,0,7
BRDA:195,6,1,1
BRDA:196,7,0,6
BRDA:196,7,1,1
BRDA:204,8,0,5
BRDA:204,8,1,1
BRDA:217,9,0,4
BRDA:217,9,1,1
BRDA:234,10,0,9
BRDA:234,10,1,1
BRDA:235,11,0,9
BRDA:235,11,1,0
BRDA:254,12,0,138
BRDA:254,12,1,1
BRDA:255,13,0,137
BRDA:255,13,1,1
BRDA:256,14,0,136
BRDA:256,14,1,1
BRDA:260,15,0,135
BRDA:260,15,1,1
BRDA:267,16,0,1
BRDA:267,16,1,134
BRDA:269,17,0,0
BRDA:269,17,1,1
BRDA:269,18,0,0
BRDA:269,18,1,0
BRDA:277,19,0,133
BRDA:277,19,1,1
BRDA:313,20,0,8
BRDA:313,20,1,1
BRDA:314,21,0,8
BRDA:314,21,1,0
BRDA:317,22,0,7
BRDA:317,22,1,1
BRDA:318,23,0,6
BRDA:318,23,1,1
BRDA:345,24,0,6
BRDA:345,24,1,1
BRDA:346,25,0,6
BRDA:346,25,1,0
BRDA:349,26,0,5
BRDA:349,26,1,1
BRDA:373,27,0,6
BRDA:373,27,1,1
BRDA:381,28,0,0
BRDA:381,28,1,6
BRDA:390,29,0,2
BRDA:390,29,1,3
BRDA:394,30,0,0
BRDA:394,30,1,3
BRDA:401,31,0,0
BRDA:401,31,1,3
BRDA:420,32,0,4
BRDA:420,32,1,1
BRDA:422,33,0,2
BRDA:422,33,1,2
BRDA:446,34,0,5056
BRDA:446,34,1,0
BRDA:458,35,0,0
BRDA:458,35,1,5061
BRDA:487,36,0,11
BRDA:487,36,1,0
BRF:72
BRH:57
end_of_record
TN:
SF:C:\Users\Varun\Desktop\__\contracts\mocks\MockTeeRegistries.sol
FN:26,sendInstructions
FN:36,getLastTeeIds
FN:40,getLastCosigners
FN:50,getRandomTeeIds
FNF:4
FNH:3
FNDA:1,sendInstructions
FNDA:1,getLastTeeIds
FNDA:0,getLastCosigners
FNDA:1,getRandomTeeIds
DA:27,1
DA:28,1
DA:29,1
DA:30,1
DA:31,1
DA:32,1
DA:33,1
DA:37,1
DA:41,0
DA:51,1
DA:52,1
DA:53,1
DA:55,1
LF:13
LH:12
BRF:0
BRH:0
end_of_record
